<?xml version="1.0" encoding="UTF-8"?>
<!-- Generated by org.testng.reporters.JUnitReportReporter -->
<testsuite skipped="0" hostname="DeepakKumar-PC" name="com.actiTime.testScripts.login.TestLoginFlow" tests="2" failures="0" timestamp="11 Aug 2017 08:38:57 GMT" time="12.156" errors="0">
  <testcase name="testLogout" time="4.238" classname="com.actiTime.testScripts.login.TestLoginFlow"/>
  <testcase name="testLogin" time="7.918" classname="com.actiTime.testScripts.login.TestLoginFlow"/>
</testsuite> <!-- com.actiTime.testScripts.login.TestLoginFlow -->
