<?xml version="1.0" encoding="UTF-8"?>
<!-- Generated by org.testng.reporters.JUnitReportReporter -->
<testsuite skipped="1" hostname="DeepakKumar-PC" name="com.actiTime.testScripts.login.TestLoginWithParameterization" tests="3" failures="0" timestamp="11 Aug 2017 08:38:57 GMT" time="13.419" errors="0">
  <testcase name="testLoginWithParameterization" time="6.524" classname="com.actiTime.testScripts.login.TestLoginWithParameterization"/>
  <testcase name="testLoginWithParameterization" time="6.893" classname="com.actiTime.testScripts.login.TestLoginWithParameterization"/>
  <testcase name="testLoginWithParameterization" time="0.002" classname="com.actiTime.testScripts.login.TestLoginWithParameterization">
    <skipped/>
  </testcase> <!-- testLoginWithParameterization -->
</testsuite> <!-- com.actiTime.testScripts.login.TestLoginWithParameterization -->
