<?xml version="1.0" encoding="UTF-8"?>
<!-- Generated by org.testng.reporters.JUnitReportReporter -->
<testsuite skipped="1" hostname="DeepakKumar-PC" name="com.actiTime.testScripts.login.TestLoginWithParameterization" tests="3" failures="0" timestamp="06 Aug 2017 07:38:27 GMT" time="15.177" errors="0">
  <testcase name="testLoginWithParameterization" time="8.115" classname="com.actiTime.testScripts.login.TestLoginWithParameterization"/>
  <testcase name="testLoginWithParameterization" time="7.062" classname="com.actiTime.testScripts.login.TestLoginWithParameterization"/>
  <testcase name="testLoginWithParameterization" time="0.000" classname="com.actiTime.testScripts.login.TestLoginWithParameterization">
    <skipped/>
  </testcase> <!-- testLoginWithParameterization -->
</testsuite> <!-- com.actiTime.testScripts.login.TestLoginWithParameterization -->
