<?xml version="1.0" encoding="UTF-8"?>
<!-- Generated by org.testng.reporters.JUnitReportReporter -->
<testsuite skipped="0" hostname="DeepakKumar-PC" name="com.actiTime.testScripts.login.TestLoginFlow" tests="2" failures="0" timestamp="06 Aug 2017 07:38:27 GMT" time="11.761" errors="0">
  <testcase name="testLogout" time="3.118" classname="com.actiTime.testScripts.login.TestLoginFlow"/>
  <testcase name="testLogin" time="8.643" classname="com.actiTime.testScripts.login.TestLoginFlow"/>
</testsuite> <!-- com.actiTime.testScripts.login.TestLoginFlow -->
