<?xml version="1.0" encoding="UTF-8"?>
<!-- Generated by org.testng.reporters.JUnitReportReporter -->
<testsuite skipped="0" hostname="DeepakKumar-PC" name="com.actiTime.testScripts.placingOrders.TestOrderHistory" tests="1" failures="0" timestamp="06 Aug 2017 07:38:27 GMT" time="3.977" errors="0">
  <testcase name="testOrderHistory" time="3.977" classname="com.actiTime.testScripts.placingOrders.TestOrderHistory"/>
</testsuite> <!-- com.actiTime.testScripts.placingOrders.TestOrderHistory -->
